#
# A fatal error has been detected by the Java Runtime Environment:
#
#  Internal Error (javaCalls.cpp:62), pid=5680, tid=5252
#  guarantee(thread->is_Java_thread()) failed: crucial check - the VM thread cannot and must not escape to Java code
#
# JRE version: 7.0_21-b11
# Java VM: Java HotSpot(TM) 64-Bit Server VM (23.21-b01 mixed mode windows-amd64 compressed oops)
# Failed to write core dump. Minidumps are not enabled by default on client versions of Windows
#
# If you would like to submit a bug report, please visit:
#   http://bugreport.sun.com/bugreport/crash.jsp
#

---------------  T H R E A D  ---------------

Current thread (0x0000000009093000):  VMThread [stack: 0x000000000a120000,0x000000000a220000] [id=5252]

Stack: [0x000000000a120000,0x000000000a220000]
VM_Operation (0x000000000a64f750): GetOrSetLocal, mode: safepoint, requested by thread 0x0000000009144000


---------------  P R O C E S S  ---------------

Java Threads: ( => current thread )
  0x0000000009175800 JavaThread "Service Thread" daemon [_thread_blocked, id=3308, stack(0x000000000b0f0000,0x000000000b1f0000)]
  0x0000000009174000 JavaThread "C2 CompilerThread1" daemon [_thread_blocked, id=3260, stack(0x000000000aca0000,0x000000000ada0000)]
  0x000000000916a800 JavaThread "C2 CompilerThread0" daemon [_thread_blocked, id=1860, stack(0x000000000ae20000,0x000000000af20000)]
  0x0000000009153800 JavaThread "JDWP Command Reader" daemon [_thread_in_native, id=5904, stack(0x000000000a840000,0x000000000a940000)]
  0x0000000009152800 JavaThread "JDWP Event Helper Thread" daemon [_thread_blocked, id=5884, stack(0x000000000aa60000,0x000000000ab60000)]
  0x0000000009144000 JavaThread "JDWP Transport Listener: dt_socket" daemon [_thread_blocked, id=4672, stack(0x000000000a550000,0x000000000a650000)]
  0x000000000913d800 JavaThread "Attach Listener" daemon [_thread_blocked, id=4824, stack(0x000000000a6a0000,0x000000000a7a0000)]
  0x0000000009136800 JavaThread "Signal Dispatcher" daemon [_thread_blocked, id=1700, stack(0x000000000a010000,0x000000000a110000)]
  0x00000000026cd000 JavaThread "Finalizer" daemon [_thread_blocked, id=2960, stack(0x000000000a440000,0x000000000a540000)]
  0x00000000026c6800 JavaThread "Reference Handler" daemon [_thread_blocked, id=4856, stack(0x000000000a230000,0x000000000a330000)]
  0x00000000025cf800 JavaThread "main" [_thread_blocked, id=3864, stack(0x00000000026f0000,0x00000000027f0000)]

Other Threads:
=>0x0000000009093000 VMThread [stack: 0x000000000a120000,0x000000000a220000] [id=5252]
  0x0000000009171000 WatcherThread [stack: 0x000000000afc0000,0x000000000b0c0000] [id=2648]

VM state:at safepoint (normal execution)

VM Mutex/Monitor currently owned by a thread:  ([mutex/lock_event])
[0x00000000025cd9e0] Threads_lock - owner thread: 0x0000000009093000

Heap
 PSYoungGen      total 18496K, used 13243K [0x00000000eb600000, 0x00000000ecaa0000, 0x0000000100000000)
  eden space 15872K, 83% used [0x00000000eb600000,0x00000000ec2eedd8,0x00000000ec580000)
  from space 2624K, 0% used [0x00000000ec810000,0x00000000ec810000,0x00000000ecaa0000)
  to   space 2624K, 0% used [0x00000000ec580000,0x00000000ec580000,0x00000000ec810000)
 ParOldGen       total 42240K, used 0K [0x00000000c2200000, 0x00000000c4b40000, 0x00000000eb600000)
  object space 42240K, 0% used [0x00000000c2200000,0x00000000c2200000,0x00000000c4b40000)
 PSPermGen       total 21248K, used 7235K [0x00000000bd000000, 0x00000000be4c0000, 0x00000000c2200000)
  object space 21248K, 34% used [0x00000000bd000000,0x00000000bd710d80,0x00000000be4c0000)

Card table byte_map: [0x00000000058b0000,0x0000000005ad0000] byte_map_base: 0x00000000052c8000

Polling page: 0x0000000000120000

Code Cache  [0x00000000027f0000, 0x0000000002a60000, 0x00000000057f0000)
 total_blobs=296 nmethods=59 adapters=196 free_code_cache=48559Kb largest_free_block=49696640

Compilation events (10 events):
Event: 28.012 Thread 0x0000000009174000 nmethod 54 0x000000000286bf10 code [0x000000000286c060, 0x000000000286c0e8]
Event: 28.013 Thread 0x000000000916a800 nmethod 53 0x000000000287c690 code [0x000000000287c7e0, 0x000000000287c998]
Event: 28.014 Thread 0x0000000009174000   55             java.util.HashMap::containsKey (14 bytes)
Event: 28.016 Thread 0x000000000916a800   56             java.lang.StringBuilder::append (8 bytes)
Event: 28.019 Thread 0x0000000009174000 nmethod 55 0x000000000287c010 code [0x000000000287c180, 0x000000000287c3c8]
Event: 28.019 Thread 0x0000000009174000   57             org.jsoup.nodes.Entities::escape (217 bytes)
Event: 28.019 Thread 0x000000000916a800 nmethod 56 0x000000000287b890 code [0x000000000287b9e0, 0x000000000287bd18]
Event: 28.041 Thread 0x0000000009174000 nmethod 57 0x0000000002888850 code [0x0000000002888ae0, 0x0000000002889b18]
Event: 263.442 Thread 0x000000000916a800   58             java.lang.Character::charCount (12 bytes)
Event: 263.443 Thread 0x000000000916a800 nmethod 58 0x0000000002862d90 code [0x0000000002862ec0, 0x0000000002862f18]

GC Heap History (0 events):
No events

Deoptimization events (0 events):
No events

Internal exceptions (10 events):
Event: 1.718 Thread 0x00000000025cf800 Threw 0x00000000ec1ec838 at C:\jdk7u2_64p\jdk7u21\hotspot\src\share\vm\prims\jvm.cpp:1166
Event: 1.719 Thread 0x00000000025cf800 Threw 0x00000000ec1f4128 at C:\jdk7u2_64p\jdk7u21\hotspot\src\share\vm\prims\jvm.cpp:1166
Event: 1.720 Thread 0x00000000025cf800 Threw 0x00000000ec201370 at C:\jdk7u2_64p\jdk7u21\hotspot\src\share\vm\prims\jvm.cpp:1166
Event: 1.721 Thread 0x00000000025cf800 Threw 0x00000000ec2087c0 at C:\jdk7u2_64p\jdk7u21\hotspot\src\share\vm\prims\jvm.cpp:1166
Event: 1.722 Thread 0x00000000025cf800 Threw 0x00000000ec2103e0 at C:\jdk7u2_64p\jdk7u21\hotspot\src\share\vm\prims\jvm.cpp:1166
Event: 1.725 Thread 0x00000000025cf800 Threw 0x00000000ec21af40 at C:\jdk7u2_64p\jdk7u21\hotspot\src\share\vm\prims\jvm.cpp:1166
Event: 1.727 Thread 0x00000000025cf800 Threw 0x00000000ec2264a0 at C:\jdk7u2_64p\jdk7u21\hotspot\src\share\vm\prims\jvm.cpp:1166
Event: 1.728 Thread 0x00000000025cf800 Threw 0x00000000ec228520 at C:\jdk7u2_64p\jdk7u21\hotspot\src\share\vm\prims\jvm.cpp:1166
Event: 1.729 Thread 0x00000000025cf800 Threw 0x00000000ec22a440 at C:\jdk7u2_64p\jdk7u21\hotspot\src\share\vm\prims\jvm.cpp:1166
Event: 9.968 Thread 0x00000000025cf800 Threw 0x00000000ec22ca70 at C:\jdk7u2_64p\jdk7u21\hotspot\src\share\vm\prims\jvm.cpp:1166

Events (10 events):
Event: 278.731 Executing VM operation: ChangeBreakpoints done
Event: 278.737 Executing VM operation: EnterInterpOnlyMode
Event: 278.737 Executing VM operation: EnterInterpOnlyMode done
Event: 278.737 Executing VM operation: GetCurrentLocation
Event: 278.737 Executing VM operation: GetCurrentLocation done
Event: 278.737 Executing VM operation: ChangeSingleStep
Event: 278.737 Executing VM operation: ChangeSingleStep done
Event: 278.737 Executing VM operation: ChangeSingleStep
Event: 278.737 Executing VM operation: ChangeSingleStep done
Event: 278.779 Executing VM operation: GetOrSetLocal


Dynamic libraries:
0x000000013f100000 - 0x000000013f133000 	C:\Program Files\Java\jre7\bin\javaw.exe
0x0000000077280000 - 0x000000007742c000 	C:\Windows\SYSTEM32\ntdll.dll
0x0000000077060000 - 0x000000007717f000 	C:\Windows\system32\kernel32.dll
0x000007fefd350000 - 0x000007fefd3bc000 	C:\Windows\system32\KERNELBASE.dll
0x000007feff2a0000 - 0x000007feff37b000 	C:\Windows\system32\ADVAPI32.dll
0x000007fefd670000 - 0x000007fefd70f000 	C:\Windows\system32\msvcrt.dll
0x000007fefd710000 - 0x000007fefd72f000 	C:\Windows\SYSTEM32\sechost.dll
0x000007feff170000 - 0x000007feff29e000 	C:\Windows\system32\RPCRT4.dll
0x0000000077180000 - 0x000000007727a000 	C:\Windows\system32\USER32.dll
0x000007fefd5b0000 - 0x000007fefd617000 	C:\Windows\system32\GDI32.dll
0x000007fefdd20000 - 0x000007fefdd2e000 	C:\Windows\system32\LPK.dll
0x000007fefdc50000 - 0x000007fefdd1a000 	C:\Windows\system32\USP10.dll
0x000007fefba30000 - 0x000007fefbc24000 	C:\Windows\WinSxS\amd64_microsoft.windows.common-controls_6595b64144ccf1df_6.0.7600.16661_none_fa62ad231704eab7\COMCTL32.dll
0x000007feff380000 - 0x000007feff3f1000 	C:\Windows\system32\SHLWAPI.dll
0x000007fefd900000 - 0x000007fefd92e000 	C:\Windows\system32\IMM32.DLL
0x000007fefe070000 - 0x000007fefe179000 	C:\Windows\system32\MSCTF.dll
0x000000006e220000 - 0x000000006e2f1000 	C:\Program Files\Java\jre7\bin\msvcr100.dll
0x000000006daf0000 - 0x000000006e211000 	C:\Program Files\Java\jre7\bin\server\jvm.dll
0x000007fef1fe0000 - 0x000007fef1fe9000 	C:\Windows\system32\WSOCK32.dll
0x000007fefd620000 - 0x000007fefd66d000 	C:\Windows\system32\WS2_32.dll
0x000007feff580000 - 0x000007feff588000 	C:\Windows\system32\NSI.dll
0x000007fefb2f0000 - 0x000007fefb32b000 	C:\Windows\system32\WINMM.dll
0x0000000077450000 - 0x0000000077457000 	C:\Windows\system32\PSAPI.DLL
0x0000000073a70000 - 0x0000000073a7f000 	C:\Program Files\Java\jre7\bin\verify.dll
0x0000000072710000 - 0x0000000072738000 	C:\Program Files\Java\jre7\bin\java.dll
0x000000006c4e0000 - 0x000000006c515000 	C:\Program Files\Java\jre7\bin\jdwp.dll
0x00000000743e0000 - 0x00000000743e8000 	C:\Program Files\Java\jre7\bin\npt.dll
0x0000000073a50000 - 0x0000000073a65000 	C:\Program Files\Java\jre7\bin\zip.dll
0x0000000074970000 - 0x0000000074979000 	C:\Program Files\Java\jre7\bin\dt_socket.dll
0x000007fefb440000 - 0x000007fefb455000 	C:\Windows\system32\NLAapi.dll
0x000007fefca10000 - 0x000007fefca64000 	C:\Windows\System32\mswsock.dll
0x000007fefc890000 - 0x000007fefc8eb000 	C:\Windows\system32\DNSAPI.dll
0x000007fef59d0000 - 0x000007fef59db000 	C:\Windows\System32\winrnr.dll
0x000007fef59b0000 - 0x000007fef59c5000 	C:\Windows\system32\napinsp.dll
0x000007fef5990000 - 0x000007fef59a9000 	C:\Windows\system32\pnrpnsp.dll
0x000007fefb270000 - 0x000007fefb297000 	C:\Windows\system32\IPHLPAPI.DLL
0x000007fefb260000 - 0x000007fefb26b000 	C:\Windows\system32\WINNSI.DLL
0x000007fefb180000 - 0x000007fefb1d3000 	C:\Windows\System32\fwpuclnt.dll
0x000007fef6680000 - 0x000007fef6688000 	C:\Windows\system32\rasadhlp.dll
0x000007fefc420000 - 0x000007fefc427000 	C:\Windows\System32\wshtcpip.dll
0x00000000728b0000 - 0x00000000728c9000 	C:\Program Files\Java\jre7\bin\net.dll
0x000007fefca00000 - 0x000007fefca07000 	C:\Windows\System32\wship6.dll
0x00000000726f0000 - 0x0000000072701000 	C:\Program Files\Java\jre7\bin\nio.dll

VM Arguments:
jvm_args: -agentlib:jdwp=transport=dt_socket,suspend=y,address=localhost:53386 -Dfile.encoding=UTF-8 
java_command: org.sbs.goodcrawler.conf.jobconf.ExtractConfig
Launcher Type: SUN_STANDARD

Environment Variables:
JAVA_HOME=C:\Program Files\Java\jdk1.7.0_21
PATH=C:\Windows\system32;C:\Windows;C:\Windows\System32\Wbem;C:\Windows\System32\WindowsPowerShell\v1.0\;C:\Program Files\Broadcom\Broadcom 802.11 Network Adapter\Driver;C:\Program Files (x86)\Windows7Master;C:\Program Files\Java\jdk1.7.0_21;C:\Program Files\Java\jre7\bin;C:\Program Files\Java\jre7;C:\Program Files (x86)\IDM Computer Solutions\UltraEdit\;E:\apache-maven-3.0.5\bin;
USERNAME=whiteme
OS=Windows_NT
PROCESSOR_IDENTIFIER=Intel64 Family 6 Model 37 Stepping 5, GenuineIntel



---------------  S Y S T E M  ---------------

OS: Windows 7 , 64 bit Build 7600 

CPU:total 4 (2 cores per cpu, 2 threads per core) family 6 model 37 stepping 5, cmov, cx8, fxsr, mmx, sse, sse2, sse3, ssse3, sse4.1, sse4.2, popcnt, ht, tsc, tscinvbit

Memory: 4k page, physical 4051464k(1186156k free), swap 8101020k(4679320k free)

vm_info: Java HotSpot(TM) 64-Bit Server VM (23.21-b01) for windows-amd64 JRE (1.7.0_21-b11), built on Apr  4 2013 08:11:28 by "java_re" with unknown MS VC++:1600

time: Sat Aug 03 19:50:20 2013
elapsed time: 278 seconds

